<?xml version="1.0" encoding="UTF-8"?>
<testsuite name="com.tubes.pbw.PbwApplicationTests" tests="1" skipped="0" failures="0" errors="0" timestamp="2024-12-07T03:41:41" hostname="DESKTOP-K69TCKC" time="2.198">
  <properties/>
  <testcase name="contextLoads()" classname="com.tubes.pbw.PbwApplicationTests" time="2.198"/>
  <system-out><![CDATA[10:41:35.831 [Test worker] INFO org.springframework.test.context.support.AnnotationConfigContextLoaderUtils -- Could not detect default configuration classes for test class [com.tubes.pbw.PbwApplicationTests]: PbwApplicationTests does not declare any static, non-private, non-final, nested classes annotated with @Configuration.
10:41:36.214 [Test worker] INFO org.springframework.boot.test.context.SpringBootTestContextBootstrapper -- Found @SpringBootConfiguration com.tubes.pbw.PbwApplication for test class com.tubes.pbw.PbwApplicationTests

  .   ____          _            __ _ _
 /\\ / ___'_ __ _ _(_)_ __  __ _ \ \ \ \
( ( )\___ | '_ | '_| | '_ \/ _` | \ \ \ \
 \\/  ___)| |_)| | | | | || (_| |  ) ) ) )
  '  |____| .__|_| |_|_| |_\__, | / / / /
 =========|_|==============|___/=/_/_/_/

 :: Spring Boot ::                (v3.4.0)

2024-12-07T10:41:37.664+07:00  INFO 14940 --- [pbw] [    Test worker] com.tubes.pbw.PbwApplicationTests        : Starting PbwApplicationTests using Java 21.0.5 with PID 14940 (started by hp in D:\tugas kuliah\PBW\tubes\Tubes-PBW)
2024-12-07T10:41:37.668+07:00  INFO 14940 --- [pbw] [    Test worker] com.tubes.pbw.PbwApplicationTests        : No active profile set, falling back to 1 default profile: "default"
2024-12-07T10:41:40.715+07:00  WARN 14940 --- [pbw] [    Test worker] ion$DefaultTemplateResolverConfiguration : Cannot find template location: classpath:/templates/ (please add some templates, check your Thymeleaf configuration, or set spring.thymeleaf.check-template-location=false)
2024-12-07T10:41:40.960+07:00  INFO 14940 --- [pbw] [    Test worker] com.tubes.pbw.PbwApplicationTests        : Started PbwApplicationTests in 4.126 seconds (process running for 8.12)
]]></system-out>
  <system-err><![CDATA[Mockito is currently self-attaching to enable the inline-mock-maker. This will no longer work in future releases of the JDK. Please add Mockito as an agent to your build what is described in Mockito's documentation: https://javadoc.io/doc/org.mockito/mockito-core/latest/org/mockito/Mockito.html#0.3
WARNING: A Java agent has been loaded dynamically (C:\Users\hp\.gradle\caches\modules-2\files-2.1\net.bytebuddy\byte-buddy-agent\1.15.10\e8eb255b2c378b9a6c7341e7b0e12f0a5636377\byte-buddy-agent-1.15.10.jar)
WARNING: If a serviceability tool is in use, please run with -XX:+EnableDynamicAgentLoading to hide this warning
WARNING: If a serviceability tool is not in use, please run with -Djdk.instrument.traceUsage for more information
WARNING: Dynamic loading of agents will be disallowed by default in a future release
]]></system-err>
</testsuite>
